Jan 29 12:24:15 Installed: epel-release-7-11.noarch
Jan 29 12:24:42 Updated: systemd-libs-219-62.el7_6.2.x86_64
Jan 29 12:24:46 Updated: systemd-219-62.el7_6.2.x86_64
Jan 29 12:24:46 Updated: 7:device-mapper-libs-1.02.149-10.el7_6.2.x86_64
Jan 29 12:24:46 Updated: 7:device-mapper-1.02.149-10.el7_6.2.x86_64
Jan 29 12:24:46 Updated: 7:device-mapper-event-libs-1.02.149-10.el7_6.2.x86_64
Jan 29 12:24:47 Updated: 1:NetworkManager-libnm-1.12.0-8.el7_6.x86_64
Jan 29 12:24:47 Updated: 1:NetworkManager-1.12.0-8.el7_6.x86_64
Jan 29 12:24:47 Updated: 7:device-mapper-event-1.02.149-10.el7_6.2.x86_64
Jan 29 12:24:48 Updated: 7:lvm2-libs-2.02.180-10.el7_6.2.x86_64
Jan 29 12:24:48 Updated: cronie-anacron-1.4.11-20.el7_6.x86_64
Jan 29 12:24:48 Updated: cronie-1.4.11-20.el7_6.x86_64
Jan 29 12:24:48 Updated: 4:perl-macros-5.16.3-294.el7_6.x86_64
Jan 29 12:24:48 Updated: 4:perl-libs-5.16.3-294.el7_6.x86_64
Jan 29 12:24:52 Updated: 4:perl-5.16.3-294.el7_6.x86_64
Jan 29 12:24:52 Updated: perl-Git-1.8.3.1-20.el7.noarch
Jan 29 12:24:55 Updated: git-1.8.3.1-20.el7.x86_64
Jan 29 12:24:55 Updated: ipset-libs-6.38-3.el7_6.x86_64
Jan 29 12:24:56 Updated: kernel-tools-libs-3.10.0-957.1.3.el7.x86_64
Jan 29 12:25:14 Updated: selinux-policy-3.13.1-229.el7_6.6.noarch
Jan 29 12:25:41 Updated: selinux-policy-targeted-3.13.1-229.el7_6.6.noarch
Jan 29 12:25:41 Updated: kernel-tools-3.10.0-957.1.3.el7.x86_64
Jan 29 12:25:41 Updated: ipset-6.38-3.el7_6.x86_64
Jan 29 12:25:41 Updated: 1:perl-Pod-Escapes-1.04-294.el7_6.noarch
Jan 29 12:26:28 Installed: kernel-devel-3.10.0-957.1.3.el7.x86_64
Jan 29 12:26:29 Updated: 7:lvm2-2.02.180-10.el7_6.2.x86_64
Jan 29 12:26:29 Updated: 1:NetworkManager-tui-1.12.0-8.el7_6.x86_64
Jan 29 12:26:29 Updated: 1:NetworkManager-team-1.12.0-8.el7_6.x86_64
Jan 29 12:26:29 Updated: systemd-sysv-219-62.el7_6.2.x86_64
Jan 29 12:26:32 Updated: tzdata-2018i-1.el7.noarch
Jan 29 12:26:34 Updated: kernel-headers-3.10.0-957.1.3.el7.x86_64
Jan 29 12:26:34 Updated: python-perf-3.10.0-957.1.3.el7.x86_64
Jan 29 12:26:44 Installed: kernel-3.10.0-957.1.3.el7.x86_64
Jan 29 12:30:49 Installed: 1:bash-completion-2.1-6.el7.noarch
Jan 29 12:46:13 Installed: 1:bash-completion-extras-2.1-11.el7.noarch
Jan 29 15:34:58 Installed: gpm-libs-1.20.7-5.el7.x86_64
Jan 29 15:34:58 Installed: gc-7.2d-7.el7.x86_64
Jan 29 15:34:58 Installed: 1:perl-NKF-2.1.3-5.el7.x86_64
Jan 29 15:34:58 Installed: w3m-0.5.3-36.git20180125.el7.x86_64
Jan 30 09:16:05 Installed: nano-2.3.1-10.el7.x86_64
Jan 30 11:15:48 Installed: ncurses-devel-5.9-14.20130511.el7_4.x86_64
Jan 30 11:48:16 Installed: bc-1.06.95-13.el7.x86_64
Jan 30 12:00:33 Installed: keyutils-libs-devel-1.5.8-3.el7.x86_64
Jan 30 12:00:33 Installed: libcom_err-devel-1.42.9-13.el7.x86_64
Jan 30 12:00:34 Installed: libsepol-devel-2.5-10.el7.x86_64
Jan 30 12:00:34 Installed: zlib-devel-1.2.7-18.el7.x86_64
Jan 30 12:00:34 Installed: pcre-devel-8.32-17.el7.x86_64
Jan 30 12:00:34 Installed: libselinux-devel-2.5-14.1.el7.x86_64
Jan 30 12:00:34 Installed: libverto-devel-0.2.5-4.el7.x86_64
Jan 30 12:00:34 Installed: libkadm5-1.15.1-34.el7.x86_64
Jan 30 12:00:35 Installed: krb5-devel-1.15.1-34.el7.x86_64
Jan 30 12:00:37 Installed: 1:openssl-devel-1.0.2k-16.el7.x86_64
Jan 30 12:04:11 Installed: elfutils-libelf-devel-0.172-2.el7.x86_64
